<?xml version="1.0" encoding="UTF-8"?>
<coverage generated="1644017277062" clover="3.2.0">
  <project timestamp="1644017277062" name="All files">
    <metrics statements="34" coveredstatements="17" conditionals="6" coveredconditionals="4" methods="11" coveredmethods="2" elements="51" coveredelements="23" complexity="0" loc="34" ncloc="34" packages="1" files="3" classes="3"/>
    <file name="comment.js" path="/home/go-groups/workspace/microverse/module 2/JavaScript-API-based-webapp/src/comment.js">
      <metrics statements="17" coveredstatements="7" conditionals="4" coveredconditionals="2" methods="6" coveredmethods="1"/>
      <line num="3" count="1" type="stmt"/>
      <line num="39" count="1" type="stmt"/>
      <line num="40" count="0" type="stmt"/>
      <line num="41" count="0" type="cond" truecount="0" falsecount="2"/>
      <line num="42" count="0" type="stmt"/>
      <line num="44" count="0" type="stmt"/>
      <line num="45" count="0" type="stmt"/>
      <line num="50" count="1" type="stmt"/>
      <line num="51" count="2" type="cond" truecount="2" falsecount="0"/>
      <line num="52" count="1" type="stmt"/>
      <line num="56" count="1" type="stmt"/>
      <line num="57" count="0" type="stmt"/>
      <line num="62" count="0" type="stmt"/>
      <line num="63" count="0" type="stmt"/>
      <line num="64" count="0" type="stmt"/>
      <line num="68" count="1" type="stmt"/>
      <line num="69" count="0" type="stmt"/>
    </file>
    <file name="involvementAPI.js" path="/home/go-groups/workspace/microverse/module 2/JavaScript-API-based-webapp/src/involvementAPI.js">
      <metrics statements="7" coveredstatements="4" conditionals="0" coveredconditionals="0" methods="2" coveredmethods="0"/>
      <line num="1" count="1" type="stmt"/>
      <line num="2" count="1" type="stmt"/>
      <line num="4" count="1" type="stmt"/>
      <line num="5" count="0" type="stmt"/>
      <line num="14" count="1" type="stmt"/>
      <line num="15" count="0" type="stmt"/>
      <line num="21" count="0" type="stmt"/>
    </file>
    <file name="movieAPI.js" path="/home/go-groups/workspace/microverse/module 2/JavaScript-API-based-webapp/src/movieAPI.js">
      <metrics statements="10" coveredstatements="6" conditionals="2" coveredconditionals="2" methods="3" coveredmethods="1"/>
      <line num="1" count="1" type="stmt"/>
      <line num="3" count="1" type="stmt"/>
      <line num="4" count="0" type="stmt"/>
      <line num="5" count="0" type="stmt"/>
      <line num="8" count="1" type="stmt"/>
      <line num="9" count="0" type="stmt"/>
      <line num="10" count="0" type="stmt"/>
      <line num="13" count="1" type="stmt"/>
      <line num="14" count="2" type="cond" truecount="2" falsecount="0"/>
      <line num="15" count="1" type="stmt"/>
    </file>
  </project>
</coverage>
