{"/home/go-groups/workspace/microverse/module 2/JavaScript-API-based-webapp/src/comment.js": {"path":"/home/go-groups/workspace/microverse/module 2/JavaScript-API-based-webapp/src/comment.js","statementMap":{"0":{"start":{"line":3,"column":21},"end":{"line":37,"column":19}},"1":{"start":{"line":3,"column":32},"end":{"line":37,"column":19}},"2":{"start":{"line":39,"column":24},"end":{"line":48,"column":1}},"3":{"start":{"line":40,"column":17},"end":{"line":40,"column":52}},"4":{"start":{"line":41,"column":4},"end":{"line":47,"column":5}},"5":{"start":{"line":42,"column":6},"end":{"line":42,"column":50}},"6":{"start":{"line":44,"column":6},"end":{"line":46,"column":9}},"7":{"start":{"line":45,"column":8},"end":{"line":45,"column":121}},"8":{"start":{"line":50,"column":29},"end":{"line":54,"column":1}},"9":{"start":{"line":51,"column":2},"end":{"line":53,"column":3}},"10":{"start":{"line":52,"column":4},"end":{"line":52,"column":83}},"11":{"start":{"line":56,"column":27},"end":{"line":66,"column":1}},"12":{"start":{"line":57,"column":19},"end":{"line":61,"column":4}},"13":{"start":{"line":62,"column":19},"end":{"line":62,"column":40}},"14":{"start":{"line":63,"column":2},"end":{"line":63,"column":28}},"15":{"start":{"line":64,"column":2},"end":{"line":64,"column":26}},"16":{"start":{"line":68,"column":26},"end":{"line":76,"column":1}},"17":{"start":{"line":69,"column":2},"end":{"line":75,"column":5}}},"fnMap":{"0":{"name":"(anonymous_0)","decl":{"start":{"line":3,"column":21},"end":{"line":3,"column":22}},"loc":{"start":{"line":3,"column":32},"end":{"line":37,"column":19}},"line":3},"1":{"name":"(anonymous_1)","decl":{"start":{"line":39,"column":24},"end":{"line":39,"column":25}},"loc":{"start":{"line":39,"column":38},"end":{"line":48,"column":1}},"line":39},"2":{"name":"(anonymous_2)","decl":{"start":{"line":44,"column":23},"end":{"line":44,"column":24}},"loc":{"start":{"line":44,"column":33},"end":{"line":46,"column":7}},"line":44},"3":{"name":"(anonymous_3)","decl":{"start":{"line":50,"column":29},"end":{"line":50,"column":30}},"loc":{"start":{"line":50,"column":43},"end":{"line":54,"column":1}},"line":50},"4":{"name":"(anonymous_4)","decl":{"start":{"line":56,"column":27},"end":{"line":56,"column":28}},"loc":{"start":{"line":56,"column":46},"end":{"line":66,"column":1}},"line":56},"5":{"name":"(anonymous_5)","decl":{"start":{"line":68,"column":26},"end":{"line":68,"column":27}},"loc":{"start":{"line":68,"column":45},"end":{"line":76,"column":1}},"line":68}},"branchMap":{"0":{"loc":{"start":{"line":41,"column":4},"end":{"line":47,"column":5}},"type":"if","locations":[{"start":{"line":41,"column":4},"end":{"line":47,"column":5}},{"start":{"line":43,"column":11},"end":{"line":47,"column":5}}],"line":41},"1":{"loc":{"start":{"line":51,"column":2},"end":{"line":53,"column":3}},"type":"if","locations":[{"start":{"line":51,"column":2},"end":{"line":53,"column":3}},{"start":{},"end":{}}],"line":51}},"s":{"0":1,"1":0,"2":1,"3":0,"4":0,"5":0,"6":0,"7":0,"8":1,"9":2,"10":1,"11":1,"12":0,"13":0,"14":0,"15":0,"16":1,"17":0},"f":{"0":0,"1":0,"2":0,"3":2,"4":0,"5":0},"b":{"0":[0,0],"1":[1,1]},"_coverageSchema":"1a1c01bbd47fc00a2c39e90264f33305004495a9","hash":"491e404171e8485d711880268dd1608bccb182ef"}
,"/home/go-groups/workspace/microverse/module 2/JavaScript-API-based-webapp/src/involvementAPI.js": {"path":"/home/go-groups/workspace/microverse/module 2/JavaScript-API-based-webapp/src/involvementAPI.js","statementMap":{"0":{"start":{"line":1,"column":23},"end":{"line":1,"column":92}},"1":{"start":{"line":2,"column":21},"end":{"line":2,"column":43}},"2":{"start":{"line":4,"column":23},"end":{"line":12,"column":1}},"3":{"start":{"line":5,"column":2},"end":{"line":11,"column":5}},"4":{"start":{"line":14,"column":24},"end":{"line":22,"column":1}},"5":{"start":{"line":15,"column":19},"end":{"line":20,"column":6}},"6":{"start":{"line":21,"column":2},"end":{"line":21,"column":25}}},"fnMap":{"0":{"name":"(anonymous_0)","decl":{"start":{"line":4,"column":23},"end":{"line":4,"column":24}},"loc":{"start":{"line":4,"column":41},"end":{"line":12,"column":1}},"line":4},"1":{"name":"(anonymous_1)","decl":{"start":{"line":14,"column":24},"end":{"line":14,"column":25}},"loc":{"start":{"line":14,"column":36},"end":{"line":22,"column":1}},"line":14}},"branchMap":{},"s":{"0":1,"1":1,"2":1,"3":0,"4":1,"5":0,"6":0},"f":{"0":0,"1":0},"b":{},"_coverageSchema":"1a1c01bbd47fc00a2c39e90264f33305004495a9","hash":"56569032dda7af1b635e93c7fd69402e5f0ebe6e"}
,"/home/go-groups/workspace/microverse/module 2/JavaScript-API-based-webapp/src/movieAPI.js": {"path":"/home/go-groups/workspace/microverse/module 2/JavaScript-API-based-webapp/src/movieAPI.js","statementMap":{"0":{"start":{"line":1,"column":16},"end":{"line":1,"column":40}},"1":{"start":{"line":3,"column":25},"end":{"line":6,"column":1}},"2":{"start":{"line":4,"column":19},"end":{"line":4,"column":50}},"3":{"start":{"line":5,"column":2},"end":{"line":5,"column":25}},"4":{"start":{"line":8,"column":24},"end":{"line":11,"column":1}},"5":{"start":{"line":9,"column":19},"end":{"line":9,"column":56}},"6":{"start":{"line":10,"column":2},"end":{"line":10,"column":25}},"7":{"start":{"line":13,"column":27},"end":{"line":17,"column":1}},"8":{"start":{"line":14,"column":2},"end":{"line":16,"column":3}},"9":{"start":{"line":15,"column":4},"end":{"line":15,"column":74}}},"fnMap":{"0":{"name":"(anonymous_0)","decl":{"start":{"line":3,"column":25},"end":{"line":3,"column":26}},"loc":{"start":{"line":3,"column":37},"end":{"line":6,"column":1}},"line":3},"1":{"name":"(anonymous_1)","decl":{"start":{"line":8,"column":24},"end":{"line":8,"column":25}},"loc":{"start":{"line":8,"column":38},"end":{"line":11,"column":1}},"line":8},"2":{"name":"(anonymous_2)","decl":{"start":{"line":13,"column":27},"end":{"line":13,"column":28}},"loc":{"start":{"line":13,"column":39},"end":{"line":17,"column":1}},"line":13}},"branchMap":{"0":{"loc":{"start":{"line":14,"column":2},"end":{"line":16,"column":3}},"type":"if","locations":[{"start":{"line":14,"column":2},"end":{"line":16,"column":3}},{"start":{},"end":{}}],"line":14}},"s":{"0":1,"1":1,"2":0,"3":0,"4":1,"5":0,"6":0,"7":1,"8":2,"9":1},"f":{"0":0,"1":0,"2":2},"b":{"0":[1,1]},"_coverageSchema":"1a1c01bbd47fc00a2c39e90264f33305004495a9","hash":"53c5363bbab046679c44efba6bf040bf7540ad7b"}
}
