TN:
SF:src/comment.js
FN:3,(anonymous_0)
FN:39,(anonymous_1)
FN:44,(anonymous_2)
FN:50,(anonymous_3)
FN:56,(anonymous_4)
FN:68,(anonymous_5)
FNF:6
FNH:1
FNDA:0,(anonymous_0)
FNDA:0,(anonymous_1)
FNDA:0,(anonymous_2)
FNDA:2,(anonymous_3)
FNDA:0,(anonymous_4)
FNDA:0,(anonymous_5)
DA:3,1
DA:39,1
DA:40,0
DA:41,0
DA:42,0
DA:44,0
DA:45,0
DA:50,1
DA:51,2
DA:52,1
DA:56,1
DA:57,0
DA:62,0
DA:63,0
DA:64,0
DA:68,1
DA:69,0
LF:17
LH:7
BRDA:41,0,0,0
BRDA:41,0,1,0
BRDA:51,1,0,1
BRDA:51,1,1,1
BRF:4
BRH:2
end_of_record
TN:
SF:src/involvementAPI.js
FN:4,(anonymous_0)
FN:14,(anonymous_1)
FNF:2
FNH:0
FNDA:0,(anonymous_0)
FNDA:0,(anonymous_1)
DA:1,1
DA:2,1
DA:4,1
DA:5,0
DA:14,1
DA:15,0
DA:21,0
LF:7
LH:4
BRF:0
BRH:0
end_of_record
TN:
SF:src/movieAPI.js
FN:3,(anonymous_0)
FN:8,(anonymous_1)
FN:13,(anonymous_2)
FNF:3
FNH:1
FNDA:0,(anonymous_0)
FNDA:0,(anonymous_1)
FNDA:2,(anonymous_2)
DA:1,1
DA:3,1
DA:4,0
DA:5,0
DA:8,1
DA:9,0
DA:10,0
DA:13,1
DA:14,2
DA:15,1
LF:10
LH:6
BRDA:14,0,0,1
BRDA:14,0,1,1
BRF:2
BRH:2
end_of_record
